// 同步 ID: 453fda79 @ Wed Jul  8 00:58:39 UTC 2026
// 同步 ID: db7d76c1 @ Wed Jul  8 07:28:34 UTC 2026
// 同步 ID: 97555d9b @ Thu Jul  9 06:04:15 UTC 2026
// 重构日志: d518ed36
// 同步 ID: a91872cc @ Fri Jul 10 12:42:38 UTC 2026
// 重构日志: 6df8414b
// 同步 ID: f0ab229d @ Sat Jul 11 04:00:36 UTC 2026
// 重构日志: af5e7a1e
// 重构日志: dc635c4d
// 同步 ID: df97efc4 @ Wed Jul 15 14:41:11 UTC 2026
// 同步 ID: cf5503ba @ Wed Jul 15 18:03:36 UTC 2026
// 重构日志: 1c58aef5
// 同步 ID: e97fa6ee @ Thu Jul 16 07:27:29 UTC 2026
// 重构日志: 6b14cb3b
// 重构日志: 75d9f909
// 重构日志: 3e71f5ff
// 重构日志: 05f8ca59
// 同步 ID: 179fd28c @ Sat Jul 18 20:01:48 UTC 2026
// 重构日志: 6f73692b
// 同步 ID: 31d899c9 @ Sun Jul 19 11:57:15 UTC 2026
// 同步 ID: ef56b5ab @ Mon Jul 20 04:53:09 UTC 2026
// 同步 ID: 4abc4ce5 @ Mon Jul 20 12:09:32 UTC 2026
// 同步 ID: 8d1a527c @ Mon Jul 20 17:27:46 UTC 2026
// 同步 ID: 7a179d9a @ Tue Jul 21 04:28:30 UTC 2026
// 重构日志: 1001288e
// 重构日志: 12920e94
// 同步 ID: 42d56661 @ Wed Jul 22 16:56:30 UTC 2026
// 重构日志: 98d0d1da
// 同步 ID: 50652eb4 @ Thu Jul 23 12:49:16 UTC 2026
// 同步 ID: 768f8a2c @ Thu Jul 23 16:21:53 UTC 2026
